<?xml version="1.0" encoding="UTF-8"?><testsuite errors="1" failures="0" name="org.icrc.hrspace.EC.Reporting" skipped="0" tests="1" time="40.95" timestamp="2022-12-05 07:32:44"><testcase classname="org.icrc.hrspace.EC.Reporting" name="Create new report"><error message="javascript error: Cannot read properties of null (reading 'shadowRoot')&#10;  (Session info: chrome=108.0.5359.72)&#10;Build info: version: '3.141.59', revision: 'e82be7d358', time: '2018-11-14T08:17:03'&#10;System info: host: 'PCS13944', ip: '10.148.119.153', os.name: 'Windows 10', os.arch: 'amd64', os.version: '10.0', java.version: '11.0.16'&#10;Driver info: org.openqa.selenium.chrome.ChromeDriver&#10;Capabilities {acceptInsecureCerts: false, browserName: chrome, browserVersion: 108.0.5359.72, chrome: {chromedriverVersion: 107.0.5304.62 (1eec40d3a576..., userDataDir: C:\Users\A564240\AppData\Lo...}, goog:chromeOptions: {debuggerAddress: localhost:54403}, javascriptEnabled: true, networkConnectionEnabled: false, pageLoadStrategy: normal, platform: WINDOWS, platformName: WINDOWS, proxy: Proxy(), setWindowRect: true, strictFileInteractability: false, timeouts: {implicit: 0, pageLoad: 300000, script: 30000}, unhandledPromptBehavior: dismiss and notify, webauthn:extension:credBlob: true, webauthn:extension:largeBlob: true, webauthn:virtualAuthenticators: true}&#10;Session ID: a25a81e785d4ce2bf1450782b48c1178" type="org.openqa.selenium.JavascriptException">javascript error: Cannot read properties of null (reading 'shadowRoot')
  (Session info: chrome=108.0.5359.72)
Build info: version: '3.141.59', revision: 'e82be7d358', time: '2018-11-14T08:17:03'
System info: host: 'PCS13944', ip: '10.148.119.153', os.name: 'Windows 10', os.arch: 'amd64', os.version: '10.0', java.version: '11.0.16'
Driver info: org.openqa.selenium.chrome.ChromeDriver
Capabilities {acceptInsecureCerts: false, browserName: chrome, browserVersion: 108.0.5359.72, chrome: {chromedriverVersion: 107.0.5304.62 (1eec40d3a576..., userDataDir: C:\Users\A564240\AppData\Lo...}, goog:chromeOptions: {debuggerAddress: localhost:54403}, javascriptEnabled: true, networkConnectionEnabled: false, pageLoadStrategy: normal, platform: WINDOWS, platformName: WINDOWS, proxy: Proxy(), setWindowRect: true, strictFileInteractability: false, timeouts: {implicit: 0, pageLoad: 300000, script: 30000}, unhandledPromptBehavior: dismiss and notify, webauthn:extension:credBlob: true, webauthn:extension:largeBlob: true, webauthn:virtualAuthenticators: true}
Session ID: a25a81e785d4ce2bf1450782b48c1178</error><system-err>javascript error: Cannot read properties of null (reading 'shadowRoot')
  (Session info: chrome=108.0.5359.72)
Build info: version: '3.141.59', revision: 'e82be7d358', time: '2018-11-14T08:17:03'
System info: host: 'PCS13944', ip: '10.148.119.153', os.name: 'Windows 10', os.arch: 'amd64', os.version: '10.0', java.version: '11.0.16'
Driver info: org.openqa.selenium.chrome.ChromeDriver
Capabilities {acceptInsecureCerts: false, browserName: chrome, browserVersion: 108.0.5359.72, chrome: {chromedriverVersion: 107.0.5304.62 (1eec40d3a576..., userDataDir: C:\Users\A564240\AppData\Lo...}, goog:chromeOptions: {debuggerAddress: localhost:54403}, javascriptEnabled: true, networkConnectionEnabled: false, pageLoadStrategy: normal, platform: WINDOWS, platformName: WINDOWS, proxy: Proxy(), setWindowRect: true, strictFileInteractability: false, timeouts: {implicit: 0, pageLoad: 300000, script: 30000}, unhandledPromptBehavior: dismiss and notify, webauthn:extension:credBlob: true, webauthn:extension:largeBlob: true, webauthn:virtualAuthenticators: true}
Session ID: a25a81e785d4ce2bf1450782b48c1178&#13;
pages.GenericPage.javaScriptWebElement(GenericPage.java:259)&#13;
pages.LoginPages.waitForUserHeaderNameToShowUp(LoginPages.java:30)&#13;
pages.LoginPages.openLoginPageAndLogin(LoginPages.java:23)&#13;
steps.LoginSteps.given_that_Im_logged_in_to_HR_space(LoginSteps.java:20)&#13;
steps.LoginSteps.given_that_Im_logged_in_to_HR_space(LoginSteps.java:35)&#13;
steps.ReportingSteps.createNewReport(ReportingSteps.java:232)&#13;
org.icrc.hrspace.EC.Reporting.createNewReport(Reporting.java:189)&#13;
</system-err></testcase></testsuite>